*** [1] Executing: ./t_stringattr
*** [1] Completed with return code 0
*** Success: String attribute unit tests
